<?xml version="1.0" encoding="UTF-8"?>
<testng-results ignored="0" total="1" passed="1" failed="0" skipped="0">
  <reporter-output>
  </reporter-output>
  <suite started-at="2024-06-03T13:39:26 IST" name="Default suite" finished-at="2024-06-03T13:39:38 IST" duration-ms="12752">
    <groups>
    </groups>
    <test started-at="2024-06-03T13:39:26 IST" name="Default test" finished-at="2024-06-03T13:39:38 IST" duration-ms="12752">
      <class name="standAloneScripts.RestAssuredBasic">
        <test-method signature="getResponse()[pri:0, instance:standAloneScripts.RestAssuredBasic@28261e8e]" started-at="2024-06-03T13:39:26 IST" name="getResponse" finished-at="2024-06-03T13:39:38 IST" duration-ms="12650" status="PASS">
          <reporter-output>
          </reporter-output>
        </test-method> <!-- getResponse -->
      </class> <!-- standAloneScripts.RestAssuredBasic -->
    </test> <!-- Default test -->
  </suite> <!-- Default suite -->
</testng-results>
